Determining if the Q_WS_WIN exist failed with the following output:
Change Dir: /home/alex/spoj/bitmap/CMakeFiles/CMakeTmp

Run Build Command:/usr/bin/gmake "cmTryCompileExec1704316052/fast"
gmake[1]: Entering directory `/home/alex/spoj/bitmap/CMakeFiles/CMakeTmp'
/usr/bin/gmake -f CMakeFiles/cmTryCompileExec1704316052.dir/build.make CMakeFiles/cmTryCompileExec1704316052.dir/build
gmake[2]: Entering directory `/home/alex/spoj/bitmap/CMakeFiles/CMakeTmp'
/usr/bin/cmake -E cmake_progress_report /home/alex/spoj/bitmap/CMakeFiles/CMakeTmp/CMakeFiles 1
Building CXX object CMakeFiles/cmTryCompileExec1704316052.dir/CheckSymbolExists.cxx.o
/usr/lib64/ccache/c++     -o CMakeFiles/cmTryCompileExec1704316052.dir/CheckSymbolExists.cxx.o -c /home/alex/spoj/bitmap/CMakeFiles/CMakeTmp/CheckSymbolExists.cxx
/home/alex/spoj/bitmap/CMakeFiles/CMakeTmp/CheckSymbolExists.cxx: In function ‘int main(int, char**)’:
/home/alex/spoj/bitmap/CMakeFiles/CMakeTmp/CheckSymbolExists.cxx:8:19: error: ‘Q_WS_WIN’ was not declared in this scope
gmake[2]: *** [CMakeFiles/cmTryCompileExec1704316052.dir/CheckSymbolExists.cxx.o] Error 1
gmake[2]: Leaving directory `/home/alex/spoj/bitmap/CMakeFiles/CMakeTmp'
gmake[1]: Leaving directory `/home/alex/spoj/bitmap/CMakeFiles/CMakeTmp'
gmake[1]: *** [cmTryCompileExec1704316052/fast] Error 2

File /home/alex/spoj/bitmap/CMakeFiles/CMakeTmp/CheckSymbolExists.cxx:
/* */
#include <QtCore/qglobal.h>

int main(int argc, char** argv)
{
  (void)argv;
#ifndef Q_WS_WIN
  return ((int*)(&Q_WS_WIN))[argc];
#else
  (void)argc;
  return 0;
#endif
}

Determining if the Q_WS_QWS exist failed with the following output:
Change Dir: /home/alex/spoj/bitmap/CMakeFiles/CMakeTmp

Run Build Command:/usr/bin/gmake "cmTryCompileExec903550010/fast"
gmake[1]: Entering directory `/home/alex/spoj/bitmap/CMakeFiles/CMakeTmp'
/usr/bin/gmake -f CMakeFiles/cmTryCompileExec903550010.dir/build.make CMakeFiles/cmTryCompileExec903550010.dir/build
gmake[2]: Entering directory `/home/alex/spoj/bitmap/CMakeFiles/CMakeTmp'
/usr/bin/cmake -E cmake_progress_report /home/alex/spoj/bitmap/CMakeFiles/CMakeTmp/CMakeFiles 1
Building CXX object CMakeFiles/cmTryCompileExec903550010.dir/CheckSymbolExists.cxx.o
/usr/lib64/ccache/c++     -o CMakeFiles/cmTryCompileExec903550010.dir/CheckSymbolExists.cxx.o -c /home/alex/spoj/bitmap/CMakeFiles/CMakeTmp/CheckSymbolExists.cxx
/home/alex/spoj/bitmap/CMakeFiles/CMakeTmp/CheckSymbolExists.cxx: In function ‘int main(int, char**)’:
/home/alex/spoj/bitmap/CMakeFiles/CMakeTmp/CheckSymbolExists.cxx:8:19: error: ‘Q_WS_QWS’ was not declared in this scope
gmake[2]: *** [CMakeFiles/cmTryCompileExec903550010.dir/CheckSymbolExists.cxx.o] Error 1
gmake[2]: Leaving directory `/home/alex/spoj/bitmap/CMakeFiles/CMakeTmp'
gmake[1]: Leaving directory `/home/alex/spoj/bitmap/CMakeFiles/CMakeTmp'
gmake[1]: *** [cmTryCompileExec903550010/fast] Error 2

File /home/alex/spoj/bitmap/CMakeFiles/CMakeTmp/CheckSymbolExists.cxx:
/* */
#include <QtCore/qglobal.h>

int main(int argc, char** argv)
{
  (void)argv;
#ifndef Q_WS_QWS
  return ((int*)(&Q_WS_QWS))[argc];
#else
  (void)argc;
  return 0;
#endif
}

Determining if the Q_WS_MAC exist failed with the following output:
Change Dir: /home/alex/spoj/bitmap/CMakeFiles/CMakeTmp

Run Build Command:/usr/bin/gmake "cmTryCompileExec3215791298/fast"
gmake[1]: Entering directory `/home/alex/spoj/bitmap/CMakeFiles/CMakeTmp'
/usr/bin/gmake -f CMakeFiles/cmTryCompileExec3215791298.dir/build.make CMakeFiles/cmTryCompileExec3215791298.dir/build
gmake[2]: Entering directory `/home/alex/spoj/bitmap/CMakeFiles/CMakeTmp'
/usr/bin/cmake -E cmake_progress_report /home/alex/spoj/bitmap/CMakeFiles/CMakeTmp/CMakeFiles 1
Building CXX object CMakeFiles/cmTryCompileExec3215791298.dir/CheckSymbolExists.cxx.o
/usr/lib64/ccache/c++     -o CMakeFiles/cmTryCompileExec3215791298.dir/CheckSymbolExists.cxx.o -c /home/alex/spoj/bitmap/CMakeFiles/CMakeTmp/CheckSymbolExists.cxx
/home/alex/spoj/bitmap/CMakeFiles/CMakeTmp/CheckSymbolExists.cxx: In function ‘int main(int, char**)’:
/home/alex/spoj/bitmap/CMakeFiles/CMakeTmp/CheckSymbolExists.cxx:8:19: error: ‘Q_WS_MAC’ was not declared in this scope
gmake[2]: *** [CMakeFiles/cmTryCompileExec3215791298.dir/CheckSymbolExists.cxx.o] Error 1
gmake[2]: Leaving directory `/home/alex/spoj/bitmap/CMakeFiles/CMakeTmp'
gmake[1]: *** [cmTryCompileExec3215791298/fast] Error 2
gmake[1]: Leaving directory `/home/alex/spoj/bitmap/CMakeFiles/CMakeTmp'

File /home/alex/spoj/bitmap/CMakeFiles/CMakeTmp/CheckSymbolExists.cxx:
/* */
#include <QtCore/qglobal.h>

int main(int argc, char** argv)
{
  (void)argv;
#ifndef Q_WS_MAC
  return ((int*)(&Q_WS_MAC))[argc];
#else
  (void)argc;
  return 0;
#endif
}

